# JRE version: OpenJDK Runtime Environment (8.0_302-b08) (build 1.8.0_302-b08)
# Java VM: OpenJDK 64-Bit Server VM (25.302-b08 mixed mode windows-amd64 compressed oops)
Heap:
 PSYoungGen      total 125440K, used 54278K [0x00000000f5580000, 0x00000000ff900000, 0x0000000100000000)
  eden space 82944K, 51% used [0x00000000f5580000,0x00000000f7f00830,0x00000000fa680000)
  from space 42496K, 27% used [0x00000000fa680000,0x00000000fb2012b8,0x00000000fd000000)
  to   space 39424K, 0% used [0x00000000fd280000,0x00000000fd280000,0x00000000ff900000)
 ParOldGen       total 349696K, used 303932K [0x00000000e0000000, 0x00000000f5580000, 0x00000000f5580000)
  object space 349696K, 86% used [0x00000000e0000000,0x00000000f28cf3a0,0x00000000f5580000)
 Metaspace       used 115341K, capacity 122621K, committed 122816K, reserved 1155072K
  class space    used 15344K, capacity 16802K, committed 16896K, reserved 1048576K
GC Heap History (10 events):
Event: 90.694 GC heap before
{Heap before GC invocations=58 (full 5):
 PSYoungGen      total 114688K, used 67872K [0x00000000f5580000, 0x00000000ffa00000, 0x0000000100000000)
  eden space 62976K, 100% used [0x00000000f5580000,0x00000000f9300000,0x00000000f9300000)
  from space 51712K, 9% used [0x00000000fc780000,0x00000000fcc483d8,0x00000000ffa00000)
  to   space 52736K, 0% used [0x00000000f9300000,0x00000000f9300000,0x00000000fc680000)
 ParOldGen       total 349696K, used 272280K [0x00000000e0000000, 0x00000000f5580000, 0x00000000f5580000)
  object space 349696K, 77% used [0x00000000e0000000,0x00000000f09e62d0,0x00000000f5580000)
 Metaspace       used 115115K, capacity 122347K, committed 122560K, reserved 1155072K
  class space    used 15333K, capacity 16787K, committed 16896K, reserved 1048576K
Event: 90.709 GC heap after
Heap after GC invocations=58 (full 5):
 PSYoungGen      total 115712K, used 11475K [0x00000000f5580000, 0x00000000ffa00000, 0x0000000100000000)
  eden space 62976K, 0% used [0x00000000f5580000,0x00000000f5580000,0x00000000f9300000)
  from space 52736K, 21% used [0x00000000f9300000,0x00000000f9e34db8,0x00000000fc680000)
  to   space 49152K, 0% used [0x00000000fca00000,0x00000000fca00000,0x00000000ffa00000)
 ParOldGen       total 349696K, used 274782K [0x00000000e0000000, 0x00000000f5580000, 0x00000000f5580000)
  object space 349696K, 78% used [0x00000000e0000000,0x00000000f0c57af8,0x00000000f5580000)
 Metaspace       used 115115K, capacity 122347K, committed 122560K, reserved 1155072K
  class space    used 15333K, capacity 16787K, committed 16896K, reserved 1048576K
}
Event: 90.972 GC heap before
{Heap before GC invocations=59 (full 5):
 PSYoungGen      total 115712K, used 74451K [0x00000000f5580000, 0x00000000ffa00000, 0x0000000100000000)
  eden space 62976K, 100% used [0x00000000f5580000,0x00000000f9300000,0x00000000f9300000)
  from space 52736K, 21% used [0x00000000f9300000,0x00000000f9e34db8,0x00000000fc680000)
  to   space 49152K, 0% used [0x00000000fca00000,0x00000000fca00000,0x00000000ffa00000)
 ParOldGen       total 349696K, used 274788K [0x00000000e0000000, 0x00000000f5580000, 0x00000000f5580000)
  object space 349696K, 78% used [0x00000000e0000000,0x00000000f0c592b8,0x00000000f5580000)
 Metaspace       used 115163K, capacity 122431K, committed 122560K, reserved 1155072K
  class space    used 15335K, capacity 16789K, committed 16896K, reserved 1048576K
Event: 91.004 GC heap after
Heap after GC invocations=59 (full 5):
 PSYoungGen      total 119296K, used 6635K [0x00000000f5580000, 0x00000000ff780000, 0x0000000100000000)
  eden space 72704K, 0% used [0x00000000f5580000,0x00000000f5580000,0x00000000f9c80000)
  from space 46592K, 14% used [0x00000000fca00000,0x00000000fd07afe0,0x00000000ff780000)
  to   space 46592K, 0% used [0x00000000f9c80000,0x00000000f9c80000,0x00000000fca00000)
 ParOldGen       total 349696K, used 285714K [0x00000000e0000000, 0x00000000f5580000, 0x00000000f5580000)
  object space 349696K, 81% used [0x00000000e0000000,0x00000000f1704b30,0x00000000f5580000)
 Metaspace       used 115163K, capacity 122431K, committed 122560K, reserved 1155072K
  class space    used 15335K, capacity 16789K, committed 16896K, reserved 1048576K
}
Event: 91.149 GC heap before
{Heap before GC invocations=60 (full 5):
 PSYoungGen      total 119296K, used 79339K [0x00000000f5580000, 0x00000000ff780000, 0x0000000100000000)
  eden space 72704K, 100% used [0x00000000f5580000,0x00000000f9c80000,0x00000000f9c80000)
  from space 46592K, 14% used [0x00000000fca00000,0x00000000fd07afe0,0x00000000ff780000)
  to   space 46592K, 0% used [0x00000000f9c80000,0x00000000f9c80000,0x00000000fca00000)
 ParOldGen       total 349696K, used 285714K [0x00000000e0000000, 0x00000000f5580000, 0x00000000f5580000)
  object space 349696K, 81% used [0x00000000e0000000,0x00000000f1704b30,0x00000000f5580000)
 Metaspace       used 115183K, capacity 122431K, committed 122560K, reserved 1155072K
  class space    used 15335K, capacity 16789K, committed 16896K, reserved 1048576K
Event: 91.163 GC heap after
Heap after GC invocations=60 (full 5):
 PSYoungGen      total 119296K, used 9026K [0x00000000f5580000, 0x00000000ffb00000, 0x0000000100000000)
  eden space 72704K, 0% used [0x00000000f5580000,0x00000000f5580000,0x00000000f9c80000)
  from space 46592K, 19% used [0x00000000f9c80000,0x00000000fa550a00,0x00000000fca00000)
  to   space 44032K, 0% used [0x00000000fd000000,0x00000000fd000000,0x00000000ffb00000)
 ParOldGen       total 349696K, used 291455K [0x00000000e0000000, 0x00000000f5580000, 0x00000000f5580000)
  object space 349696K, 83% used [0x00000000e0000000,0x00000000f1c9fe18,0x00000000f5580000)
 Metaspace       used 115183K, capacity 122431K, committed 122560K, reserved 1155072K
  class space    used 15335K, capacity 16789K, committed 16896K, reserved 1048576K
}
Event: 91.396 GC heap before
{Heap before GC invocations=61 (full 5):
 PSYoungGen      total 119296K, used 81730K [0x00000000f5580000, 0x00000000ffb00000, 0x0000000100000000)
  eden space 72704K, 100% used [0x00000000f5580000,0x00000000f9c80000,0x00000000f9c80000)
  from space 46592K, 19% used [0x00000000f9c80000,0x00000000fa550a00,0x00000000fca00000)
  to   space 44032K, 0% used [0x00000000fd000000,0x00000000fd000000,0x00000000ffb00000)
 ParOldGen       total 349696K, used 291455K [0x00000000e0000000, 0x00000000f5580000, 0x00000000f5580000)
  object space 349696K, 83% used [0x00000000e0000000,0x00000000f1c9fe18,0x00000000f5580000)
 Metaspace       used 115213K, capacity 122443K, committed 122560K, reserved 1155072K
  class space    used 15336K, capacity 16791K, committed 16896K, reserved 1048576K
Event: 91.416 GC heap after
Heap after GC invocations=61 (full 5):
 PSYoungGen      total 126464K, used 4949K [0x00000000f5580000, 0x00000000ffa80000, 0x0000000100000000)
  eden space 82944K, 0% used [0x00000000f5580000,0x00000000f5580000,0x00000000fa680000)
  from space 43520K, 11% used [0x00000000fd000000,0x00000000fd4d57b0,0x00000000ffa80000)
  to   space 42496K, 0% used [0x00000000fa680000,0x00000000fa680000,0x00000000fd000000)
 ParOldGen       total 349696K, used 299511K [0x00000000e0000000, 0x00000000f5580000, 0x00000000f5580000)
  object space 349696K, 85% used [0x00000000e0000000,0x00000000f247dda0,0x00000000f5580000)
 Metaspace       used 115213K, capacity 122443K, committed 122560K, reserved 1155072K
  class space    used 15336K, capacity 16791K, committed 16896K, reserved 1048576K
}
Event: 91.818 GC heap before
{Heap before GC invocations=62 (full 5):
 PSYoungGen      total 126464K, used 87893K [0x00000000f5580000, 0x00000000ffa80000, 0x0000000100000000)
  eden space 82944K, 100% used [0x00000000f5580000,0x00000000fa680000,0x00000000fa680000)
  from space 43520K, 11% used [0x00000000fd000000,0x00000000fd4d57b0,0x00000000ffa80000)
  to   space 42496K, 0% used [0x00000000fa680000,0x00000000fa680000,0x00000000fd000000)
 ParOldGen       total 349696K, used 299511K [0x00000000e0000000, 0x00000000f5580000, 0x00000000f5580000)
  object space 349696K, 85% used [0x00000000e0000000,0x00000000f247dda0,0x00000000f5580000)
 Metaspace       used 115285K, capacity 122521K, committed 122816K, reserved 1155072K
  class space    used 15338K, capacity 16794K, committed 16896K, reserved 1048576K
Event: 91.833 GC heap after
Heap after GC invocations=62 (full 5):
 PSYoungGen      total 125440K, used 11780K [0x00000000f5580000, 0x00000000ff900000, 0x0000000100000000)
  eden space 82944K, 0% used [0x00000000f5580000,0x00000000f5580000,0x00000000fa680000)
  from space 42496K, 27% used [0x00000000fa680000,0x00000000fb2012b8,0x00000000fd000000)
  to   space 39424K, 0% used [0x00000000fd280000,0x00000000fd280000,0x00000000ff900000)
 ParOldGen       total 349696K, used 303932K [0x00000000e0000000, 0x00000000f5580000, 0x00000000f5580000)
  object space 349696K, 86% used [0x00000000e0000000,0x00000000f28cf3a0,0x00000000f5580000)
 Metaspace       used 115285K, capacity 122521K, committed 122816K, reserved 1155072K
  class space    used 15338K, capacity 16794K, committed 16896K, reserved 1048576K
}

